  VehicleSystem.cpp
c:\users\shweta\documents\visual studio 2015\projects\boid sample\boid sample\vehiclesystem.cpp(19): warning C4244: 'argument': conversion from 'time_t' to 'unsigned int', possible loss of data
c:\users\shweta\documents\visual studio 2015\projects\boid sample\boid sample\vehiclesystem.cpp(22): warning C4244: 'initializing': conversion from 'int' to 'float', possible loss of data
c:\users\shweta\documents\visual studio 2015\projects\boid sample\boid sample\vehiclesystem.cpp(23): warning C4244: 'initializing': conversion from 'int' to 'float', possible loss of data
c:\users\shweta\documents\visual studio 2015\projects\boid sample\boid sample\vehiclesystem.cpp(26): warning C4018: '<': signed/unsigned mismatch
c:\users\shweta\documents\visual studio 2015\projects\boid sample\boid sample\vehiclesystem.cpp(157): warning C4018: '<': signed/unsigned mismatch
c:\users\shweta\documents\visual studio 2015\projects\boid sample\boid sample\vehiclesystem.cpp(165): warning C4018: '<': signed/unsigned mismatch
c:\users\shweta\documents\visual studio 2015\projects\boid sample\boid sample\vehiclesystem.cpp(179): warning C4018: '<': signed/unsigned mismatch
c:\users\shweta\documents\visual studio 2015\projects\boid sample\boid sample\vehiclesystem.cpp(195): warning C4244: 'argument': conversion from 'int' to 'float', possible loss of data
c:\users\shweta\documents\visual studio 2015\projects\boid sample\boid sample\vehiclesystem.cpp(204): warning C4018: '<': signed/unsigned mismatch
c:\users\shweta\documents\visual studio 2015\projects\boid sample\boid sample\vehiclesystem.cpp(219): warning C4244: 'argument': conversion from 'int' to 'float', possible loss of data
c:\users\shweta\documents\visual studio 2015\projects\boid sample\boid sample\vehiclesystem.cpp(230): warning C4018: '<': signed/unsigned mismatch
c:\users\shweta\documents\visual studio 2015\projects\boid sample\boid sample\vehiclesystem.cpp(240): warning C4018: '<': signed/unsigned mismatch
c:\users\shweta\documents\visual studio 2015\projects\boid sample\boid sample\vehiclesystem.cpp(257): warning C4244: 'argument': conversion from 'int' to 'float', possible loss of data
c:\users\shweta\documents\visual studio 2015\projects\boid sample\boid sample\vehiclesystem.cpp(287): warning C4018: '<': signed/unsigned mismatch
  Vehicle.cpp
c:\users\shweta\documents\visual studio 2015\projects\boid sample\boid sample\vehicle.cpp(31): warning C4244: 'initializing': conversion from 'unsigned int' to 'float', possible loss of data
c:\users\shweta\documents\visual studio 2015\projects\boid sample\boid sample\vehicle.cpp(32): warning C4244: 'initializing': conversion from 'unsigned int' to 'float', possible loss of data
c:\users\shweta\documents\visual studio 2015\projects\boid sample\boid sample\vehicle.cpp(108): warning C4244: 'argument': conversion from 'float' to 'int', possible loss of data
c:\users\shweta\documents\visual studio 2015\projects\boid sample\boid sample\vehicle.cpp(171): warning C4244: 'argument': conversion from 'int' to 'float', possible loss of data
c:\users\shweta\documents\visual studio 2015\projects\boid sample\boid sample\vehicle.cpp(172): warning C4244: 'argument': conversion from 'int' to 'float', possible loss of data
c:\users\shweta\documents\visual studio 2015\projects\boid sample\boid sample\vehicle.cpp(173): warning C4244: 'argument': conversion from 'int' to 'float', possible loss of data
c:\users\shweta\documents\visual studio 2015\projects\boid sample\boid sample\vehicle.cpp(183): warning C4244: 'argument': conversion from 'int' to 'float', possible loss of data
c:\users\shweta\documents\visual studio 2015\projects\boid sample\boid sample\vehicle.cpp(244): warning C4244: 'argument': conversion from 'int' to 'float', possible loss of data
  PVector.cpp
c:\users\shweta\documents\visual studio 2015\projects\boid sample\boid sample\pvector.cpp(137): warning C4244: 'initializing': conversion from 'double' to 'float', possible loss of data
  main.cpp
c:\users\shweta\documents\visual studio 2015\projects\boid sample\boid sample\main.cpp(114): warning C4244: 'initializing': conversion from 'int' to 'float', possible loss of data
c:\users\shweta\documents\visual studio 2015\projects\boid sample\boid sample\main.cpp(115): warning C4244: 'initializing': conversion from 'int' to 'float', possible loss of data
c:\users\shweta\documents\visual studio 2015\projects\boid sample\boid sample\main.cpp(129): warning C4244: 'initializing': conversion from 'int' to 'float', possible loss of data
c:\users\shweta\documents\visual studio 2015\projects\boid sample\boid sample\main.cpp(130): warning C4244: 'initializing': conversion from 'int' to 'float', possible loss of data
  Generating Code...
     Creating library C:\Users\Shweta\Documents\Visual Studio 2015\Projects\Boid Sample\Debug\Boid Sample.lib and object C:\Users\Shweta\Documents\Visual Studio 2015\Projects\Boid Sample\Debug\Boid Sample.exp
VehicleSystem.obj : error LNK2019: unresolved external symbol "__declspec(dllimport) public: __thiscall sf::ConvexShape::ConvexShape(class sf::ConvexShape &&)" (__imp_??0ConvexShape@sf@@QAE@$$QAV01@@Z) referenced in function "public: __thiscall Vehicle::Vehicle(class Vehicle &&)" (??0Vehicle@@QAE@$$QAV0@@Z)
sfml-main-d.lib(MainWin32.cpp.obj) : error LNK2001: unresolved external symbol __imp____argc
sfml-main-d.lib(MainWin32.cpp.obj) : error LNK2001: unresolved external symbol __imp____argv
C:\Users\Shweta\Documents\Visual Studio 2015\Projects\Boid Sample\Debug\Boid Sample.exe : fatal error LNK1120: 3 unresolved externals
